# JRE version: OpenJDK Runtime Environment (8.0_242-b01) (build 1.8.0_242-release-1644-b01)
# Java VM: OpenJDK 64-Bit Server VM (25.242-b01 mixed mode windows-amd64 compressed oops)
Heap:
 PSYoungGen      total 510976K, used 232832K [0x00000000d5580000, 0x0000000100000000, 0x0000000100000000)
  eden space 430592K, 42% used [0x00000000d5580000,0x00000000e09f73e8,0x00000000efa00000)
  from space 80384K, 59% used [0x00000000fb180000,0x00000000fe068cd8,0x0000000100000000)
  to   space 134144K, 0% used [0x00000000efa00000,0x00000000efa00000,0x00000000f7d00000)
 ParOldGen       total 440832K, used 248394K [0x0000000080000000, 0x000000009ae80000, 0x00000000d5580000)
  object space 440832K, 56% used [0x0000000080000000,0x000000008f292ab0,0x000000009ae80000)
 Metaspace       used 175505K, capacity 183844K, committed 187224K, reserved 1214464K
  class space    used 22252K, capacity 23799K, committed 24704K, reserved 1048576K
GC Heap History (10 events):
Event: 6869.575 GC heap before
{Heap before GC invocations=57 (full 6):
 PSYoungGen      total 617472K, used 574991K [0x00000000d5580000, 0x00000000ff580000, 0x0000000100000000)
  eden space 549888K, 100% used [0x00000000d5580000,0x00000000f6e80000,0x00000000f6e80000)
  from space 67584K, 37% used [0x00000000fb380000,0x00000000fcc03d28,0x00000000ff580000)
  to   space 69120K, 0% used [0x00000000f6e80000,0x00000000f6e80000,0x00000000fb200000)
 ParOldGen       total 248832K, used 98504K [0x0000000080000000, 0x000000008f300000, 0x00000000d5580000)
  object space 248832K, 39% used [0x0000000080000000,0x0000000086032038,0x000000008f300000)
 Metaspace       used 174093K, capacity 183652K, committed 184024K, reserved 1210368K
  class space    used 22338K, capacity 24127K, committed 24320K, reserved 1048576K
Event: 6870.109 GC heap after
Heap after GC invocations=57 (full 6):
 PSYoungGen      total 619008K, used 48971K [0x00000000d5580000, 0x0000000100000000, 0x0000000100000000)
  eden space 549888K, 0% used [0x00000000d5580000,0x00000000d5580000,0x00000000f6e80000)
  from space 69120K, 70% used [0x00000000f6e80000,0x00000000f9e52d10,0x00000000fb200000)
  to   space 74240K, 0% used [0x00000000fb780000,0x00000000fb780000,0x0000000100000000)
 ParOldGen       total 248832K, used 112085K [0x0000000080000000, 0x000000008f300000, 0x00000000d5580000)
  object space 248832K, 45% used [0x0000000080000000,0x0000000086d755a0,0x000000008f300000)
 Metaspace       used 174093K, capacity 183652K, committed 184024K, reserved 1210368K
  class space    used 22338K, capacity 24127K, committed 24320K, reserved 1048576K
}
Event: 6876.892 GC heap before
{Heap before GC invocations=58 (full 6):
 PSYoungGen      total 619008K, used 598859K [0x00000000d5580000, 0x0000000100000000, 0x0000000100000000)
  eden space 549888K, 100% used [0x00000000d5580000,0x00000000f6e80000,0x00000000f6e80000)
  from space 69120K, 70% used [0x00000000f6e80000,0x00000000f9e52d10,0x00000000fb200000)
  to   space 74240K, 0% used [0x00000000fb780000,0x00000000fb780000,0x0000000100000000)
 ParOldGen       total 248832K, used 112085K [0x0000000080000000, 0x000000008f300000, 0x00000000d5580000)
  object space 248832K, 45% used [0x0000000080000000,0x0000000086d755a0,0x000000008f300000)
 Metaspace       used 176029K, capacity 185800K, committed 186072K, reserved 1212416K
  class space    used 22574K, capacity 24395K, committed 24576K, reserved 1048576K
Event: 6877.204 GC heap after
Heap after GC invocations=58 (full 6):
 PSYoungGen      total 626688K, used 16083K [0x00000000d5580000, 0x00000000fff00000, 0x0000000100000000)
  eden space 553472K, 0% used [0x00000000d5580000,0x00000000d5580000,0x00000000f7200000)
  from space 73216K, 21% used [0x00000000fb780000,0x00000000fc734c40,0x00000000fff00000)
  to   space 71168K, 0% used [0x00000000f7200000,0x00000000f7200000,0x00000000fb780000)
 ParOldGen       total 248832K, used 123559K [0x0000000080000000, 0x000000008f300000, 0x00000000d5580000)
  object space 248832K, 49% used [0x0000000080000000,0x00000000878a9d48,0x000000008f300000)
 Metaspace       used 176029K, capacity 185800K, committed 186072K, reserved 1212416K
  class space    used 22574K, capacity 24395K, committed 24576K, reserved 1048576K
}
Event: 6883.377 GC heap before
{Heap before GC invocations=59 (full 6):
 PSYoungGen      total 626688K, used 569555K [0x00000000d5580000, 0x00000000fff00000, 0x0000000100000000)
  eden space 553472K, 100% used [0x00000000d5580000,0x00000000f7200000,0x00000000f7200000)
  from space 73216K, 21% used [0x00000000fb780000,0x00000000fc734c40,0x00000000fff00000)
  to   space 71168K, 0% used [0x00000000f7200000,0x00000000f7200000,0x00000000fb780000)
 ParOldGen       total 248832K, used 123559K [0x0000000080000000, 0x000000008f300000, 0x00000000d5580000)
  object space 248832K, 49% used [0x0000000080000000,0x00000000878a9d48,0x000000008f300000)
 Metaspace       used 176667K, capacity 186540K, committed 186968K, reserved 1214464K
  class space    used 22635K, capacity 24465K, committed 24704K, reserved 1048576K
Event: 6883.881 GC heap after
Heap after GC invocations=59 (full 6):
 PSYoungGen      total 615424K, used 61674K [0x00000000d5580000, 0x0000000100000000, 0x0000000100000000)
  eden space 553472K, 0% used [0x00000000d5580000,0x00000000d5580000,0x00000000f7200000)
  from space 61952K, 99% used [0x00000000f7200000,0x00000000fae3aaf0,0x00000000fae80000)
  to   space 80384K, 0% used [0x00000000fb180000,0x00000000fb180000,0x0000000100000000)
 ParOldGen       total 248832K, used 129601K [0x0000000080000000, 0x000000008f300000, 0x00000000d5580000)
  object space 248832K, 52% used [0x0000000080000000,0x0000000087e90618,0x000000008f300000)
 Metaspace       used 176667K, capacity 186540K, committed 186968K, reserved 1214464K
  class space    used 22635K, capacity 24465K, committed 24704K, reserved 1048576K
}
Event: 6886.154 GC heap before
{Heap before GC invocations=60 (full 6):
 PSYoungGen      total 615424K, used 615146K [0x00000000d5580000, 0x0000000100000000, 0x0000000100000000)
  eden space 553472K, 100% used [0x00000000d5580000,0x00000000f7200000,0x00000000f7200000)
  from space 61952K, 99% used [0x00000000f7200000,0x00000000fae3aaf0,0x00000000fae80000)
  to   space 80384K, 0% used [0x00000000fb180000,0x00000000fb180000,0x0000000100000000)
 ParOldGen       total 248832K, used 129601K [0x0000000080000000, 0x000000008f300000, 0x00000000d5580000)
  object space 248832K, 52% used [0x0000000080000000,0x0000000087e90618,0x000000008f300000)
 Metaspace       used 176900K, capacity 186760K, committed 187224K, reserved 1214464K
  class space    used 22635K, capacity 24465K, committed 24704K, reserved 1048576K
Event: 6887.158 GC heap after
Heap after GC invocations=60 (full 6):
 PSYoungGen      total 510976K, used 80363K [0x00000000d5580000, 0x0000000100000000, 0x0000000100000000)
  eden space 430592K, 0% used [0x00000000d5580000,0x00000000d5580000,0x00000000efa00000)
  from space 80384K, 99% used [0x00000000fb180000,0x00000000ffffac98,0x0000000100000000)
  to   space 134144K, 0% used [0x00000000efa00000,0x00000000efa00000,0x00000000f7d00000)
 ParOldGen       total 248832K, used 236832K [0x0000000080000000, 0x000000008f300000, 0x00000000d5580000)
  object space 248832K, 95% used [0x0000000080000000,0x000000008e748150,0x000000008f300000)
 Metaspace       used 176900K, capacity 186760K, committed 187224K, reserved 1214464K
  class space    used 22635K, capacity 24465K, committed 24704K, reserved 1048576K
}
Event: 6887.158 GC heap before
{Heap before GC invocations=61 (full 7):
 PSYoungGen      total 510976K, used 80363K [0x00000000d5580000, 0x0000000100000000, 0x0000000100000000)
  eden space 430592K, 0% used [0x00000000d5580000,0x00000000d5580000,0x00000000efa00000)
  from space 80384K, 99% used [0x00000000fb180000,0x00000000ffffac98,0x0000000100000000)
  to   space 134144K, 0% used [0x00000000efa00000,0x00000000efa00000,0x00000000f7d00000)
 ParOldGen       total 248832K, used 236832K [0x0000000080000000, 0x000000008f300000, 0x00000000d5580000)
  object space 248832K, 95% used [0x0000000080000000,0x000000008e748150,0x000000008f300000)
 Metaspace       used 176900K, capacity 186760K, committed 187224K, reserved 1214464K
  class space    used 22635K, capacity 24465K, committed 24704K, reserved 1048576K
Event: 6892.223 GC heap after
Heap after GC invocations=61 (full 7):
 PSYoungGen      total 510976K, used 48035K [0x00000000d5580000, 0x0000000100000000, 0x0000000100000000)
  eden space 430592K, 0% used [0x00000000d5580000,0x00000000d5580000,0x00000000efa00000)
  from space 80384K, 59% used [0x00000000fb180000,0x00000000fe068cd8,0x0000000100000000)
  to   space 134144K, 0% used [0x00000000efa00000,0x00000000efa00000,0x00000000f7d00000)
 ParOldGen       total 440832K, used 248394K [0x0000000080000000, 0x000000009ae80000, 0x00000000d5580000)
  object space 440832K, 56% used [0x0000000080000000,0x000000008f292ab0,0x000000009ae80000)
 Metaspace       used 174887K, capacity 183186K, committed 187224K, reserved 1214464K
  class space    used 22173K, capacity 23698K, committed 24704K, reserved 1048576K
}

